./src/server/gui_commands_1.c:36: MAJOR:C-O3
./src/server/gui_commands_1.c:39: INFO:C-A3
./src/server/handle_clients.c:61: MINOR:C-F8
./src/server/handle_clients.c:62: MINOR:C-F8
./src/server/handle_clients.c:63: MAJOR:C-F3
./src/server/handle_clients.c:63: MINOR:C-F8
./src/server/handle_clients.c:64: MINOR:C-F8
./src/server/handle_clients.c:65: MAJOR:C-F3
./src/server/handle_clients.c:65: MINOR:C-F8
./src/server/handle_clients.c:66: MINOR:C-F8
./src/server/handle_clients.c:67: MAJOR:C-F4
./src/server/handle_clients.c:68: MAJOR:C-F4
./src/server/handle_clients.c:69: MAJOR:C-F4
./src/server/handle_clients.c:70: MAJOR:C-F4
./src/server/handle_clients.c:71: MAJOR:C-F4
./src/server/handle_clients.c:72: MAJOR:C-F4
./src/server/handle_flags2.c:33: MAJOR:C-F4
./src/server/includes/handle_gui.h:14: MINOR:C-L3
./src/server/includes/handle_gui.h:29: INFO:C-A3
./src/server/setup_server.c:22: MAJOR:C-F3
./src/server/setup_server.c:84: MAJOR:C-F4
./src/server/setup_server.c:85: MAJOR:C-F4
./src/server/setup_server.c:86: MAJOR:C-F4
./src/server/setup_server.c:87: MAJOR:C-F4
./src/server/setup_server.c:88: MAJOR:C-F4
./src/server/setup_server.c:89: MAJOR:C-F4
./src/server/setup_server.c:90: MAJOR:C-F4
./src/server/setup_server.c:91: MAJOR:C-F4
