Traceback (most recent call last):
  File "/home/nsamy/Zappype/src/ai/./zappy_ai", line 467, in <module>
    process_ai()
  File "/home/nsamy/Zappype/src/ai/./zappy_ai", line 462, in process_ai
    ai.simulation()
  File "/home/nsamy/Zappype/src/ai/./zappy_ai", line 280, in simulation
    pprint.pprint(self.inventory)
  File "/usr/lib64/python3.11/pprint.py", line 55, in pprint
    printer.pprint(object)
  File "/usr/lib64/python3.11/pprint.py", line 156, in pprint
    self._format(object, self._stream, 0, 0, {}, 0)
  File "/usr/lib64/python3.11/pprint.py", line 178, in _format
    rep = self._repr(object, context, level)
          ^^^^^^^^^^^^^^^^^^^^^^^^^^^^^^^^^^
  File "/usr/lib64/python3.11/pprint.py", line 458, in _repr
    repr, readable, recursive = self.format(object, context.copy(),
                                ^^^^^^^^^^^^^^^^^^^^^^^^^^^^^^^^^^^
  File "/usr/lib64/python3.11/pprint.py", line 471, in format
    return self._safe_repr(object, context, maxlevels, level)
           ^^^^^^^^^^^^^^^^^^^^^^^^^^^^^^^^^^^^^^^^^^^^^^^^^^
  File "/usr/lib64/python3.11/pprint.py", line 596, in _safe_repr
    return "{%s}" % ", ".join(components), readable, recursive
                    ^^^^^^^^^^^^^^^^^^^^^
KeyboardInterrupt
